TN:
SF:/home/barriolo/projetos-pessoais/angular-reserva-cinema/src/polyfills.ts
FNF:0
FNH:0
LF:0
LH:0
BRF:0
BRH:0
end_of_record
TN:
SF:/home/barriolo/projetos-pessoais/angular-reserva-cinema/src/test.ts
FNF:0
FNH:0
DA:13,1
DA:18,1
DA:20,1
LF:3
LH:3
BRF:0
BRH:0
end_of_record
TN:
SF:/home/barriolo/projetos-pessoais/angular-reserva-cinema/src/app/app.component.ts
FN:21,(anonymous_0)
FN:27,(anonymous_1)
FNF:2
FNH:1
FNDA:1,(anonymous_0)
FNDA:0,(anonymous_1)
DA:14,1
DA:15,1
DA:17,1
DA:22,1
DA:28,0
LF:5
LH:4
BRF:0
BRH:0
end_of_record
TN:
SF:/home/barriolo/projetos-pessoais/angular-reserva-cinema/src/app/moviedb-config.ts
FN:1,(anonymous_0)
FNF:1
FNH:1
FNDA:9,(anonymous_0)
DA:2,9
DA:3,9
DA:4,9
LF:3
LH:3
BRF:0
BRH:0
end_of_record
TN:
SF:/home/barriolo/projetos-pessoais/angular-reserva-cinema/src/app/core/interceptors/token.ts
FN:8,(anonymous_0)
FNF:1
FNH:0
FNDA:0,(anonymous_0)
DA:6,1
DA:9,0
DA:10,0
DA:15,0
DA:17,0
DA:18,0
LF:6
LH:1
BRDA:9,0,0,0
BRDA:9,0,1,0
BRF:2
BRH:0
end_of_record
TN:
SF:/home/barriolo/projetos-pessoais/angular-reserva-cinema/src/app/core/models/upcoming-model.ts
FN:1,(anonymous_0)
FNF:1
FNH:0
FNDA:0,(anonymous_0)
DA:16,0
LF:1
LH:0
BRF:0
BRH:0
end_of_record
TN:
SF:/home/barriolo/projetos-pessoais/angular-reserva-cinema/src/app/core/services/buscar-cep.service.ts
FN:14,(anonymous_0)
FN:20,(anonymous_1)
FN:31,(anonymous_2)
FN:34,(anonymous_3)
FNF:4
FNH:3
FNDA:5,(anonymous_0)
FNDA:3,(anonymous_1)
FNDA:1,(anonymous_2)
FNDA:0,(anonymous_3)
DA:8,1
DA:12,1
DA:15,5
DA:17,5
DA:21,3
DA:22,3
DA:23,3
DA:24,3
DA:25,3
DA:28,0
DA:32,1
DA:34,0
LF:12
LH:10
BRDA:22,0,0,3
BRDA:22,0,1,0
BRDA:24,1,0,3
BRDA:24,1,1,0
BRF:4
BRH:2
end_of_record
TN:
SF:/home/barriolo/projetos-pessoais/angular-reserva-cinema/src/app/core/services/upcoming.service.ts
FN:11,(anonymous_0)
FN:17,(anonymous_1)
FN:20,(anonymous_2)
FN:24,(anonymous_3)
FN:27,(anonymous_4)
FN:31,(anonymous_5)
FN:34,(anonymous_6)
FN:38,(anonymous_7)
FN:41,(anonymous_8)
FNF:9
FNH:3
FNDA:4,(anonymous_0)
FNDA:2,(anonymous_1)
FNDA:0,(anonymous_2)
FNDA:2,(anonymous_3)
FNDA:0,(anonymous_4)
FNDA:0,(anonymous_5)
FNDA:0,(anonymous_6)
FNDA:0,(anonymous_7)
FNDA:0,(anonymous_8)
DA:9,1
DA:12,4
DA:14,4
DA:18,2
DA:20,0
DA:25,2
DA:27,0
DA:32,0
DA:34,0
DA:39,0
DA:41,0
LF:11
LH:5
BRF:0
BRH:0
end_of_record
TN:
SF:/home/barriolo/projetos-pessoais/angular-reserva-cinema/src/app/modules/upcoming/upcoming.module.ts
FNF:0
FNH:0
DA:54,1
LF:1
LH:1
BRF:0
BRH:0
end_of_record
TN:
SF:/home/barriolo/projetos-pessoais/angular-reserva-cinema/src/app/modules/upcoming/pages/list-movies-upcoming/list-movies-upcoming.component.ts
FN:19,(anonymous_0)
FN:23,(anonymous_1)
FN:27,(anonymous_2)
FN:31,(anonymous_3)
FN:35,(anonymous_4)
FN:37,(anonymous_5)
FN:42,(anonymous_6)
FN:47,(anonymous_7)
FN:49,(anonymous_8)
FN:51,(anonymous_9)
FN:53,(anonymous_10)
FN:54,(anonymous_11)
FNF:12
FNH:8
FNDA:2,(anonymous_0)
FNDA:2,(anonymous_1)
FNDA:1,(anonymous_2)
FNDA:3,(anonymous_3)
FNDA:2,(anonymous_4)
FNDA:1,(anonymous_5)
FNDA:1,(anonymous_6)
FNDA:2,(anonymous_7)
FNDA:0,(anonymous_8)
FNDA:0,(anonymous_9)
FNDA:0,(anonymous_10)
FNDA:0,(anonymous_11)
DA:13,1
DA:20,2
DA:24,2
DA:28,1
DA:32,3
DA:33,3
DA:36,2
DA:37,2
DA:38,1
DA:43,1
DA:48,2
DA:50,0
DA:51,0
DA:52,0
DA:53,0
DA:54,0
DA:55,0
DA:56,0
LF:18
LH:11
BRDA:55,0,0,0
BRDA:55,0,1,0
BRF:2
BRH:0
end_of_record
TN:
SF:/home/barriolo/projetos-pessoais/angular-reserva-cinema/src/app/modules/upcoming/pages/reserve-movie-upcoming/reserve-movie-upcoming.component.ts
FN:31,(anonymous_0)
FN:40,(anonymous_1)
FN:42,(anonymous_2)
FN:51,(anonymous_3)
FN:55,(anonymous_4)
FN:65,(anonymous_5)
FN:68,(anonymous_6)
FN:75,(anonymous_7)
FN:82,(anonymous_8)
FN:86,(anonymous_9)
FN:87,(anonymous_10)
FN:91,(anonymous_11)
FNF:12
FNH:1
FNDA:1,(anonymous_0)
FNDA:0,(anonymous_1)
FNDA:0,(anonymous_2)
FNDA:0,(anonymous_3)
FNDA:0,(anonymous_4)
FNDA:0,(anonymous_5)
FNDA:0,(anonymous_6)
FNDA:0,(anonymous_7)
FNDA:0,(anonymous_8)
FNDA:0,(anonymous_9)
FNDA:0,(anonymous_10)
FNDA:0,(anonymous_11)
DA:21,1
DA:23,1
DA:32,1
DA:33,1
DA:34,1
DA:35,1
DA:36,1
DA:41,0
DA:42,0
DA:43,0
DA:44,0
DA:46,0
DA:47,0
DA:48,0
DA:52,0
DA:56,0
DA:66,0
DA:67,0
DA:69,0
DA:76,0
DA:77,0
DA:78,0
DA:83,0
DA:84,0
DA:87,0
DA:88,0
DA:92,0
LF:27
LH:7
BRDA:77,0,0,0
BRDA:77,0,1,0
BRF:2
BRH:0
end_of_record
TN:
SF:/home/barriolo/projetos-pessoais/angular-reserva-cinema/src/app/shared/components/cards/cards.module.ts
FNF:0
FNH:0
DA:32,1
LF:1
LH:1
BRF:0
BRH:0
end_of_record
TN:
SF:/home/barriolo/projetos-pessoais/angular-reserva-cinema/src/app/shared/components/cards/detail-card/detail-card.component.ts
FN:13,(anonymous_0)
FN:19,(anonymous_1)
FN:22,(anonymous_2)
FN:26,(anonymous_3)
FNF:4
FNH:2
FNDA:1,(anonymous_0)
FNDA:1,(anonymous_1)
FNDA:0,(anonymous_2)
FNDA:0,(anonymous_3)
DA:11,1
DA:14,1
DA:15,1
DA:16,1
DA:23,0
DA:27,0
DA:28,0
LF:7
LH:4
BRF:0
BRH:0
end_of_record
TN:
SF:/home/barriolo/projetos-pessoais/angular-reserva-cinema/src/app/shared/components/cards/movie-card/movie-card.component.ts
FN:14,(anonymous_0)
FN:19,(anonymous_1)
FN:21,(anonymous_2)
FN:33,(anonymous_3)
FNF:4
FNH:2
FNDA:1,(anonymous_0)
FNDA:1,(anonymous_1)
FNDA:0,(anonymous_2)
FNDA:0,(anonymous_3)
DA:11,1
DA:12,1
DA:15,1
DA:16,1
DA:23,0
DA:34,0
LF:6
LH:4
BRF:0
BRH:0
end_of_record
TN:
SF:/home/barriolo/projetos-pessoais/angular-reserva-cinema/src/app/shared/components/common/common.module.ts
FNF:0
FNH:0
DA:22,1
LF:1
LH:1
BRF:0
BRH:0
end_of_record
TN:
SF:/home/barriolo/projetos-pessoais/angular-reserva-cinema/src/app/shared/components/common/modal/modal.component.ts
FN:14,(anonymous_0)
FN:16,(anonymous_1)
FN:19,(anonymous_2)
FNF:3
FNH:2
FNDA:2,(anonymous_0)
FNDA:2,(anonymous_1)
FNDA:0,(anonymous_2)
DA:8,1
DA:10,1
DA:12,2
DA:20,0
LF:4
LH:3
BRF:0
BRH:0
end_of_record
TN:
SF:/home/barriolo/projetos-pessoais/angular-reserva-cinema/src/app/shared/components/forms/forms.module.ts
FNF:0
FNH:0
DA:35,1
LF:1
LH:1
BRF:0
BRH:0
end_of_record
TN:
SF:/home/barriolo/projetos-pessoais/angular-reserva-cinema/src/app/shared/components/forms/acompanhante/acompanhante.component.ts
FN:22,(anonymous_0)
FN:28,(anonymous_1)
FN:32,(anonymous_2)
FNF:3
FNH:2
FNDA:1,(anonymous_0)
FNDA:0,(anonymous_1)
FNDA:1,(anonymous_2)
DA:16,1
DA:19,1
DA:23,1
DA:25,1
DA:29,0
DA:33,1
LF:6
LH:5
BRF:0
BRH:0
end_of_record
TN:
SF:/home/barriolo/projetos-pessoais/angular-reserva-cinema/src/app/shared/components/forms/endereco/endereco.component.ts
FN:20,(anonymous_0)
FN:28,(anonymous_1)
FN:33,(anonymous_2)
FN:44,(anonymous_3)
FN:45,(anonymous_4)
FN:48,(anonymous_5)
FN:52,(anonymous_6)
FN:55,(anonymous_7)
FN:63,(anonymous_8)
FNF:9
FNH:4
FNDA:1,(anonymous_0)
FNDA:1,(anonymous_1)
FNDA:1,(anonymous_2)
FNDA:1,(anonymous_3)
FNDA:0,(anonymous_4)
FNDA:0,(anonymous_5)
FNDA:0,(anonymous_6)
FNDA:0,(anonymous_7)
FNDA:0,(anonymous_8)
DA:12,1
DA:15,1
DA:21,1
DA:22,1
DA:23,1
DA:25,1
DA:29,1
DA:30,1
DA:34,1
DA:45,1
DA:49,0
DA:50,0
DA:51,0
DA:53,0
DA:56,0
DA:57,0
DA:64,0
LF:17
LH:10
BRDA:50,0,0,0
BRDA:50,0,1,0
BRDA:50,1,0,0
BRDA:50,1,1,0
BRF:4
BRH:0
end_of_record
TN:
SF:/home/barriolo/projetos-pessoais/angular-reserva-cinema/src/app/shared/components/loading/loading.module.ts
FNF:0
FNH:0
DA:18,1
LF:1
LH:1
BRF:0
BRH:0
end_of_record
TN:
SF:/home/barriolo/projetos-pessoais/angular-reserva-cinema/src/app/shared/components/loading/loading/loading.component.ts
FN:10,(anonymous_0)
FN:12,(anonymous_1)
FNF:2
FNH:2
FNDA:3,(anonymous_0)
FNDA:3,(anonymous_1)
DA:8,1
LF:1
LH:1
BRF:0
BRH:0
end_of_record
TN:
SF:/home/barriolo/projetos-pessoais/angular-reserva-cinema/src/app/shared/components/pipes/filter-by-name.pipe.ts
FN:8,(anonymous_0)
FN:16,(anonymous_1)
FNF:2
FNH:1
FNDA:2,(anonymous_0)
FNDA:0,(anonymous_1)
DA:7,1
DA:9,2
DA:10,2
DA:12,0
DA:13,0
DA:15,0
DA:16,0
DA:17,0
LF:8
LH:3
BRDA:9,0,0,2
BRDA:9,0,1,0
BRDA:12,1,0,0
BRDA:12,1,1,0
BRF:4
BRH:1
end_of_record
TN:
SF:/home/barriolo/projetos-pessoais/angular-reserva-cinema/src/app/shared/components/pipes/pipes.module.ts
FNF:0
FNH:0
DA:18,1
LF:1
LH:1
BRF:0
BRH:0
end_of_record
TN:
SF:/home/barriolo/projetos-pessoais/angular-reserva-cinema/src/app/shared/components/pipes/truncate.pipe.ts
FN:8,(anonymous_0)
FNF:1
FNH:1
FNDA:2,(anonymous_0)
DA:6,1
DA:9,2
DA:10,0
DA:11,0
DA:12,0
DA:14,0
DA:16,2
LF:7
LH:3
BRDA:9,0,0,0
BRDA:9,0,1,2
BRDA:11,1,0,0
BRDA:11,1,1,0
BRF:4
BRH:1
end_of_record
TN:
SF:/home/barriolo/projetos-pessoais/angular-reserva-cinema/src/app/shared/format-date/format-datepicker.ts
FN:4,(anonymous_0)
FNF:1
FNH:0
FNDA:0,(anonymous_0)
DA:5,0
DA:6,0
DA:7,0
DA:8,0
DA:9,0
DA:10,0
DA:11,0
DA:13,0
DA:16,1
LF:9
LH:1
BRDA:5,0,0,0
BRDA:5,0,1,0
BRDA:7,1,0,0
BRDA:7,1,1,0
BRDA:9,2,0,0
BRDA:9,2,1,0
BRF:6
BRH:0
end_of_record
TN:
SF:/home/barriolo/projetos-pessoais/angular-reserva-cinema/src/app/shared/validators/validators-email.ts
FN:5,(anonymous_0)
FNF:1
FNH:0
FNDA:0,(anonymous_0)
DA:7,0
DA:10,0
DA:11,0
DA:13,0
LF:4
LH:0
BRDA:10,0,0,0
BRDA:10,0,1,0
BRDA:10,1,0,0
BRDA:10,1,1,0
BRDA:10,1,2,0
BRF:5
BRH:0
end_of_record
